# JRE version: OpenJDK Runtime Environment Temurin-17.0.11+9 (17.0.11+9) (build 17.0.11+9)
# Java VM: OpenJDK 64-Bit Server VM Temurin-17.0.11+9 (17.0.11+9, mixed mode, tiered, compressed oops, compressed class ptrs, parallel gc, windows-amd64)
GC Precious Log:
 CPUs: 12 total, 12 available
 Memory: 16337M
 Large Page Support: Disabled
 NUMA Support: Disabled
 Compressed Oops: Enabled (32-bit)
 Alignments: Space 512K, Generation 512K, Heap 2M
 Heap Min Capacity: 100M
 Heap Initial Capacity: 100M
 Heap Max Capacity: 1G
 Pre-touch: Disabled
 Parallel Workers: 10
Heap:
 PSYoungGen      total 6144K, used 484K [0x00000000eab00000, 0x00000000eb380000, 0x0000000100000000)
  eden space 5632K, 0% used [0x00000000eab00000,0x00000000eab00000,0x00000000eb080000)
  from space 512K, 94% used [0x00000000eb300000,0x00000000eb379210,0x00000000eb380000)
  to   space 1536K, 0% used [0x00000000eb080000,0x00000000eb080000,0x00000000eb200000)
 ParOldGen       total 160256K, used 159726K [0x00000000c0000000, 0x00000000c9c80000, 0x00000000eab00000)
  object space 160256K, 99% used [0x00000000c0000000,0x00000000c9bfbbf8,0x00000000c9c80000)
 Metaspace       used 90171K, committed 91584K, reserved 1179648K
  class space    used 8812K, committed 9472K, reserved 1048576K
GC Heap History (20 events):
Event: 20860.896 GC heap after
{Heap after GC invocations=1712 (full 48):
 PSYoungGen      total 6656K, used 1015K [0x00000000eab00000, 0x00000000eb980000, 0x0000000100000000)
  eden space 5632K, 0% used [0x00000000eab00000,0x00000000eab00000,0x00000000eb080000)
  from space 1024K, 99% used [0x00000000eb180000,0x00000000eb27dc98,0x00000000eb280000)
  to   space 4608K, 0% used [0x00000000eb500000,0x00000000eb500000,0x00000000eb980000)
 ParOldGen       total 160256K, used 155223K [0x00000000c0000000, 0x00000000c9c80000, 0x00000000eab00000)
  object space 160256K, 96% used [0x00000000c0000000,0x00000000c9795f48,0x00000000c9c80000)
 Metaspace       used 90132K, committed 91520K, reserved 1179648K
  class space    used 8810K, committed 9472K, reserved 1048576K
}
Event: 20860.913 GC heap before
{Heap before GC invocations=1713 (full 48):
 PSYoungGen      total 6656K, used 6647K [0x00000000eab00000, 0x00000000eb980000, 0x0000000100000000)
  eden space 5632K, 100% used [0x00000000eab00000,0x00000000eb080000,0x00000000eb080000)
  from space 1024K, 99% used [0x00000000eb180000,0x00000000eb27dc98,0x00000000eb280000)
  to   space 4608K, 0% used [0x00000000eb500000,0x00000000eb500000,0x00000000eb980000)
 ParOldGen       total 160256K, used 155223K [0x00000000c0000000, 0x00000000c9c80000, 0x00000000eab00000)
  object space 160256K, 96% used [0x00000000c0000000,0x00000000c9795f48,0x00000000c9c80000)
 Metaspace       used 90132K, committed 91520K, reserved 1179648K
  class space    used 8810K, committed 9472K, reserved 1048576K
}
Event: 20860.914 GC heap after
{Heap after GC invocations=1713 (full 48):
 PSYoungGen      total 9728K, used 3903K [0x00000000eab00000, 0x00000000eb900000, 0x0000000100000000)
  eden space 5632K, 0% used [0x00000000eab00000,0x00000000eab00000,0x00000000eb080000)
  from space 4096K, 95% used [0x00000000eb500000,0x00000000eb8cffa0,0x00000000eb900000)
  to   space 4096K, 0% used [0x00000000eb100000,0x00000000eb100000,0x00000000eb500000)
 ParOldGen       total 160256K, used 156269K [0x00000000c0000000, 0x00000000c9c80000, 0x00000000eab00000)
  object space 160256K, 97% used [0x00000000c0000000,0x00000000c989b4d8,0x00000000c9c80000)
 Metaspace       used 90132K, committed 91520K, reserved 1179648K
  class space    used 8810K, committed 9472K, reserved 1048576K
}
Event: 20860.927 GC heap before
{Heap before GC invocations=1714 (full 48):
 PSYoungGen      total 9728K, used 9535K [0x00000000eab00000, 0x00000000eb900000, 0x0000000100000000)
  eden space 5632K, 100% used [0x00000000eab00000,0x00000000eb080000,0x00000000eb080000)
  from space 4096K, 95% used [0x00000000eb500000,0x00000000eb8cffa0,0x00000000eb900000)
  to   space 4096K, 0% used [0x00000000eb100000,0x00000000eb100000,0x00000000eb500000)
 ParOldGen       total 160256K, used 156269K [0x00000000c0000000, 0x00000000c9c80000, 0x00000000eab00000)
  object space 160256K, 97% used [0x00000000c0000000,0x00000000c989b4d8,0x00000000c9c80000)
 Metaspace       used 90134K, committed 91520K, reserved 1179648K
  class space    used 8810K, committed 9472K, reserved 1048576K
}
Event: 20860.928 GC heap after
{Heap after GC invocations=1714 (full 48):
 PSYoungGen      total 6656K, used 532K [0x00000000eab00000, 0x00000000eb580000, 0x0000000100000000)
  eden space 5632K, 0% used [0x00000000eab00000,0x00000000eab00000,0x00000000eb080000)
  from space 1024K, 52% used [0x00000000eb100000,0x00000000eb185200,0x00000000eb200000)
  to   space 2048K, 0% used [0x00000000eb380000,0x00000000eb380000,0x00000000eb580000)
 ParOldGen       total 160256K, used 157301K [0x00000000c0000000, 0x00000000c9c80000, 0x00000000eab00000)
  object space 160256K, 98% used [0x00000000c0000000,0x00000000c999d4e8,0x00000000c9c80000)
 Metaspace       used 90134K, committed 91520K, reserved 1179648K
  class space    used 8810K, committed 9472K, reserved 1048576K
}
Event: 20860.935 GC heap before
{Heap before GC invocations=1715 (full 48):
 PSYoungGen      total 6656K, used 6150K [0x00000000eab00000, 0x00000000eb580000, 0x0000000100000000)
  eden space 5632K, 99% used [0x00000000eab00000,0x00000000eb07c9a0,0x00000000eb080000)
  from space 1024K, 52% used [0x00000000eb100000,0x00000000eb185200,0x00000000eb200000)
  to   space 2048K, 0% used [0x00000000eb380000,0x00000000eb380000,0x00000000eb580000)
 ParOldGen       total 160256K, used 157301K [0x00000000c0000000, 0x00000000c9c80000, 0x00000000eab00000)
  object space 160256K, 98% used [0x00000000c0000000,0x00000000c999d4e8,0x00000000c9c80000)
 Metaspace       used 90134K, committed 91520K, reserved 1179648K
  class space    used 8810K, committed 9472K, reserved 1048576K
}
Event: 20860.936 GC heap after
{Heap after GC invocations=1715 (full 48):
 PSYoungGen      total 6144K, used 192K [0x00000000eab00000, 0x00000000eb400000, 0x0000000100000000)
  eden space 5632K, 0% used [0x00000000eab00000,0x00000000eab00000,0x00000000eb080000)
  from space 512K, 37% used [0x00000000eb380000,0x00000000eb3b0000,0x00000000eb400000)
  to   space 1024K, 0% used [0x00000000eb200000,0x00000000eb200000,0x00000000eb300000)
 ParOldGen       total 160256K, used 157653K [0x00000000c0000000, 0x00000000c9c80000, 0x00000000eab00000)
  object space 160256K, 98% used [0x00000000c0000000,0x00000000c99f5508,0x00000000c9c80000)
 Metaspace       used 90134K, committed 91520K, reserved 1179648K
  class space    used 8810K, committed 9472K, reserved 1048576K
}
Event: 20861.622 GC heap before
{Heap before GC invocations=1716 (full 48):
 PSYoungGen      total 6144K, used 5824K [0x00000000eab00000, 0x00000000eb400000, 0x0000000100000000)
  eden space 5632K, 100% used [0x00000000eab00000,0x00000000eb080000,0x00000000eb080000)
  from space 512K, 37% used [0x00000000eb380000,0x00000000eb3b0000,0x00000000eb400000)
  to   space 1024K, 0% used [0x00000000eb200000,0x00000000eb200000,0x00000000eb300000)
 ParOldGen       total 160256K, used 157653K [0x00000000c0000000, 0x00000000c9c80000, 0x00000000eab00000)
  object space 160256K, 98% used [0x00000000c0000000,0x00000000c99f5508,0x00000000c9c80000)
 Metaspace       used 90145K, committed 91584K, reserved 1179648K
  class space    used 8810K, committed 9472K, reserved 1048576K
}
Event: 20861.622 GC heap after
{Heap after GC invocations=1716 (full 48):
 PSYoungGen      total 6656K, used 378K [0x00000000eab00000, 0x00000000eb400000, 0x0000000100000000)
  eden space 5632K, 0% used [0x00000000eab00000,0x00000000eab00000,0x00000000eb080000)
  from space 1024K, 36% used [0x00000000eb200000,0x00000000eb25e920,0x00000000eb300000)
  to   space 512K, 0% used [0x00000000eb380000,0x00000000eb380000,0x00000000eb400000)
 ParOldGen       total 160256K, used 157665K [0x00000000c0000000, 0x00000000c9c80000, 0x00000000eab00000)
  object space 160256K, 98% used [0x00000000c0000000,0x00000000c99f8718,0x00000000c9c80000)
 Metaspace       used 90145K, committed 91584K, reserved 1179648K
  class space    used 8810K, committed 9472K, reserved 1048576K
}
Event: 20864.268 GC heap before
{Heap before GC invocations=1717 (full 48):
 PSYoungGen      total 6656K, used 6010K [0x00000000eab00000, 0x00000000eb400000, 0x0000000100000000)
  eden space 5632K, 100% used [0x00000000eab00000,0x00000000eb080000,0x00000000eb080000)
  from space 1024K, 36% used [0x00000000eb200000,0x00000000eb25e920,0x00000000eb300000)
  to   space 512K, 0% used [0x00000000eb380000,0x00000000eb380000,0x00000000eb400000)
 ParOldGen       total 160256K, used 157665K [0x00000000c0000000, 0x00000000c9c80000, 0x00000000eab00000)
  object space 160256K, 98% used [0x00000000c0000000,0x00000000c99f8718,0x00000000c9c80000)
 Metaspace       used 90145K, committed 91584K, reserved 1179648K
  class space    used 8810K, committed 9472K, reserved 1048576K
}
Event: 20864.268 GC heap after
{Heap after GC invocations=1717 (full 48):
 PSYoungGen      total 6144K, used 500K [0x00000000eab00000, 0x00000000eb400000, 0x0000000100000000)
  eden space 5632K, 0% used [0x00000000eab00000,0x00000000eab00000,0x00000000eb080000)
  from space 512K, 97% used [0x00000000eb380000,0x00000000eb3fd220,0x00000000eb400000)
  to   space 1024K, 0% used [0x00000000eb200000,0x00000000eb200000,0x00000000eb300000)
 ParOldGen       total 160256K, used 157865K [0x00000000c0000000, 0x00000000c9c80000, 0x00000000eab00000)
  object space 160256K, 98% used [0x00000000c0000000,0x00000000c9a2a728,0x00000000c9c80000)
 Metaspace       used 90145K, committed 91584K, reserved 1179648K
  class space    used 8810K, committed 9472K, reserved 1048576K
}
Event: 20864.277 GC heap before
{Heap before GC invocations=1718 (full 48):
 PSYoungGen      total 6144K, used 6132K [0x00000000eab00000, 0x00000000eb400000, 0x0000000100000000)
  eden space 5632K, 100% used [0x00000000eab00000,0x00000000eb080000,0x00000000eb080000)
  from space 512K, 97% used [0x00000000eb380000,0x00000000eb3fd220,0x00000000eb400000)
  to   space 1024K, 0% used [0x00000000eb200000,0x00000000eb200000,0x00000000eb300000)
 ParOldGen       total 160256K, used 157865K [0x00000000c0000000, 0x00000000c9c80000, 0x00000000eab00000)
  object space 160256K, 98% used [0x00000000c0000000,0x00000000c9a2a728,0x00000000c9c80000)
 Metaspace       used 90160K, committed 91584K, reserved 1179648K
  class space    used 8812K, committed 9472K, reserved 1048576K
}
Event: 20864.278 GC heap after
{Heap after GC invocations=1718 (full 48):
 PSYoungGen      total 6656K, used 634K [0x00000000eab00000, 0x00000000eb400000, 0x0000000100000000)
  eden space 5632K, 0% used [0x00000000eab00000,0x00000000eab00000,0x00000000eb080000)
  from space 1024K, 61% used [0x00000000eb200000,0x00000000eb29e920,0x00000000eb300000)
  to   space 1024K, 0% used [0x00000000eb300000,0x00000000eb300000,0x00000000eb400000)
 ParOldGen       total 160256K, used 158374K [0x00000000c0000000, 0x00000000c9c80000, 0x00000000eab00000)
  object space 160256K, 98% used [0x00000000c0000000,0x00000000c9aa9948,0x00000000c9c80000)
 Metaspace       used 90160K, committed 91584K, reserved 1179648K
  class space    used 8812K, committed 9472K, reserved 1048576K
}
Event: 20868.149 GC heap before
{Heap before GC invocations=1719 (full 48):
 PSYoungGen      total 6656K, used 6253K [0x00000000eab00000, 0x00000000eb400000, 0x0000000100000000)
  eden space 5632K, 99% used [0x00000000eab00000,0x00000000eb07ce08,0x00000000eb080000)
  from space 1024K, 61% used [0x00000000eb200000,0x00000000eb29e920,0x00000000eb300000)
  to   space 1024K, 0% used [0x00000000eb300000,0x00000000eb300000,0x00000000eb400000)
 ParOldGen       total 160256K, used 158374K [0x00000000c0000000, 0x00000000c9c80000, 0x00000000eab00000)
  object space 160256K, 98% used [0x00000000c0000000,0x00000000c9aa9948,0x00000000c9c80000)
 Metaspace       used 90160K, committed 91584K, reserved 1179648K
  class space    used 8812K, committed 9472K, reserved 1048576K
}
Event: 20868.150 GC heap after
{Heap after GC invocations=1719 (full 48):
 PSYoungGen      total 6144K, used 288K [0x00000000eab00000, 0x00000000eb380000, 0x0000000100000000)
  eden space 5632K, 0% used [0x00000000eab00000,0x00000000eab00000,0x00000000eb080000)
  from space 512K, 56% used [0x00000000eb300000,0x00000000eb348000,0x00000000eb380000)
  to   space 512K, 0% used [0x00000000eb280000,0x00000000eb280000,0x00000000eb300000)
 ParOldGen       total 160256K, used 158582K [0x00000000c0000000, 0x00000000c9c80000, 0x00000000eab00000)
  object space 160256K, 98% used [0x00000000c0000000,0x00000000c9add988,0x00000000c9c80000)
 Metaspace       used 90160K, committed 91584K, reserved 1179648K
  class space    used 8812K, committed 9472K, reserved 1048576K
}
Event: 20868.213 GC heap before
{Heap before GC invocations=1720 (full 48):
 PSYoungGen      total 6144K, used 5920K [0x00000000eab00000, 0x00000000eb380000, 0x0000000100000000)
  eden space 5632K, 100% used [0x00000000eab00000,0x00000000eb080000,0x00000000eb080000)
  from space 512K, 56% used [0x00000000eb300000,0x00000000eb348000,0x00000000eb380000)
  to   space 512K, 0% used [0x00000000eb280000,0x00000000eb280000,0x00000000eb300000)
 ParOldGen       total 160256K, used 158582K [0x00000000c0000000, 0x00000000c9c80000, 0x00000000eab00000)
  object space 160256K, 98% used [0x00000000c0000000,0x00000000c9add988,0x00000000c9c80000)
 Metaspace       used 90161K, committed 91584K, reserved 1179648K
  class space    used 8812K, committed 9472K, reserved 1048576K
}
Event: 20868.214 GC heap after
{Heap after GC invocations=1720 (full 48):
 PSYoungGen      total 6144K, used 502K [0x00000000eab00000, 0x00000000eb380000, 0x0000000100000000)
  eden space 5632K, 0% used [0x00000000eab00000,0x00000000eab00000,0x00000000eb080000)
  from space 512K, 98% used [0x00000000eb280000,0x00000000eb2fd980,0x00000000eb300000)
  to   space 512K, 0% used [0x00000000eb300000,0x00000000eb300000,0x00000000eb380000)
 ParOldGen       total 160256K, used 159130K [0x00000000c0000000, 0x00000000c9c80000, 0x00000000eab00000)
  object space 160256K, 99% used [0x00000000c0000000,0x00000000c9b66bb8,0x00000000c9c80000)
 Metaspace       used 90161K, committed 91584K, reserved 1179648K
  class space    used 8812K, committed 9472K, reserved 1048576K
}
Event: 20868.616 GC heap before
{Heap before GC invocations=1721 (full 48):
 PSYoungGen      total 6144K, used 6134K [0x00000000eab00000, 0x00000000eb380000, 0x0000000100000000)
  eden space 5632K, 99% used [0x00000000eab00000,0x00000000eb07fff8,0x00000000eb080000)
  from space 512K, 98% used [0x00000000eb280000,0x00000000eb2fd980,0x00000000eb300000)
  to   space 512K, 0% used [0x00000000eb300000,0x00000000eb300000,0x00000000eb380000)
 ParOldGen       total 160256K, used 159130K [0x00000000c0000000, 0x00000000c9c80000, 0x00000000eab00000)
  object space 160256K, 99% used [0x00000000c0000000,0x00000000c9b66bb8,0x00000000c9c80000)
 Metaspace       used 90171K, committed 91584K, reserved 1179648K
  class space    used 8812K, committed 9472K, reserved 1048576K
}
Event: 20868.617 GC heap after
{Heap after GC invocations=1721 (full 48):
 PSYoungGen      total 6144K, used 484K [0x00000000eab00000, 0x00000000eb380000, 0x0000000100000000)
  eden space 5632K, 0% used [0x00000000eab00000,0x00000000eab00000,0x00000000eb080000)
  from space 512K, 94% used [0x00000000eb300000,0x00000000eb379210,0x00000000eb380000)
  to   space 1536K, 0% used [0x00000000eb080000,0x00000000eb080000,0x00000000eb200000)
 ParOldGen       total 160256K, used 159726K [0x00000000c0000000, 0x00000000c9c80000, 0x00000000eab00000)
  object space 160256K, 99% used [0x00000000c0000000,0x00000000c9bfbbf8,0x00000000c9c80000)
 Metaspace       used 90171K, committed 91584K, reserved 1179648K
  class space    used 8812K, committed 9472K, reserved 1048576K
}
Event: 20868.617 GC heap before
{Heap before GC invocations=1722 (full 49):
 PSYoungGen      total 6144K, used 484K [0x00000000eab00000, 0x00000000eb380000, 0x0000000100000000)
  eden space 5632K, 0% used [0x00000000eab00000,0x00000000eab00000,0x00000000eb080000)
  from space 512K, 94% used [0x00000000eb300000,0x00000000eb379210,0x00000000eb380000)
  to   space 1536K, 0% used [0x00000000eb080000,0x00000000eb080000,0x00000000eb200000)
 ParOldGen       total 160256K, used 159726K [0x00000000c0000000, 0x00000000c9c80000, 0x00000000eab00000)
  object space 160256K, 99% used [0x00000000c0000000,0x00000000c9bfbbf8,0x00000000c9c80000)
 Metaspace       used 90171K, committed 91584K, reserved 1179648K
  class space    used 8812K, committed 9472K, reserved 1048576K
}

